app/build/intermediates/manifest_merge_blame_file/debug/manifest-merger-blame-debug-report.txt
1<?xml version="1.0" encoding="utf-8"?>
2<manifest xmlns:android="http://schemas.android.com/apk/res/android"
3    package="org.nathan.jf.build.prop.editor"
4    android:versionCode="4"
5    android:versionName="2.0.1" >
6
7    <uses-sdk
8        android:minSdkVersion="11"
8-->src/main/AndroidManifest.xml
9        android:targetSdkVersion="11" />
9-->src/main/AndroidManifest.xml
10
11    <uses-permission android:name="android.permission.WRITE_EXTERNAL_STORAGE" />
11-->src/main/AndroidManifest.xml:7:5-80
11-->src/main/AndroidManifest.xml:7:22-78
12
13    <application
13-->src/main/AndroidManifest.xml:9:5-27:19
14        android:debuggable="true"
15        android:hardwareAccelerated="true"
15-->src/main/AndroidManifest.xml:12:3-37
16        android:icon="@drawable/ic_launcher"
16-->src/main/AndroidManifest.xml:10:9-45
17        android:label="@string/app_name" >
17-->src/main/AndroidManifest.xml:11:9-41
18        <activity
18-->src/main/AndroidManifest.xml:13:9-22:20
19            android:name="org.nathan.jf.build.prop.editor.BuildPropEditor"
19-->src/main/AndroidManifest.xml:14:13-44
20            android:label="@string/app_name"
20-->src/main/AndroidManifest.xml:15:13-45
21            android:theme="@android:style/Theme.DeviceDefault" >
21-->src/main/AndroidManifest.xml:16:13-63
22            <intent-filter>
22-->src/main/AndroidManifest.xml:17:13-21:29
23                <action android:name="android.intent.action.MAIN" />
23-->src/main/AndroidManifest.xml:18:17-69
23-->src/main/AndroidManifest.xml:18:25-66
24
25                <category android:name="android.intent.category.LAUNCHER" />
25-->src/main/AndroidManifest.xml:20:17-77
25-->src/main/AndroidManifest.xml:20:27-74
26            </intent-filter>
27        </activity>
28        <activity
28-->src/main/AndroidManifest.xml:23:9-26:21
29            android:name="org.nathan.jf.build.prop.editor.EditPropActivity"
29-->src/main/AndroidManifest.xml:23:19-51
30            android:label="@string/edit_prop_title"
30-->src/main/AndroidManifest.xml:24:19-58
31            android:theme="@android:style/Theme.DeviceDefault" />
31-->src/main/AndroidManifest.xml:25:19-69
32    </application>
33
34</manifest>